


⚡ [Read]



⚡ [Read]


Now let me verify the Regenerate Thumbnails plugin detection method and its PHP API:


⚡ [WebSearch]



⚡ [WebFetch]


Good. Let me verify the core WordPress functions needed for thumbnail regeneration:


⚡ [WebSearch]


All verified. Now writing the final tool file:


⚡ [Write]

Now mark the task complete and check if this is the last one:


⚡ [Edit]



⚡ [Bash]

All tasks are complete. Committing:


⚡ [Bash]

---RALPH_STATUS---
STATUS: COMPLETE
TASKS_COMPLETED_THIS_LOOP: 1
FILES_MODIFIED: 2
TESTS_STATUS: NOT_RUN
WORK_TYPE: IMPLEMENTATION
EXIT_SIGNAL: true
RECOMMENDATION: All tasks in fix_plan.md are marked [x] — mission complete.
---END_RALPH_STATUS---
